[2024-08-18T16:53:39.229+0000] {local_task_job_runner.py:123} INFO - ::group::Pre task execution logs
[2024-08-18T16:53:39.254+0000] {taskinstance.py:2603} INFO - Dependencies all met for dep_context=non-requeueable deps ti=<TaskInstance: movies_orchestration.silver_layer manual__2024-08-18T16:50:10.501258+00:00 [queued]>
[2024-08-18T16:53:39.272+0000] {taskinstance.py:2603} INFO - Dependencies all met for dep_context=requeueable deps ti=<TaskInstance: movies_orchestration.silver_layer manual__2024-08-18T16:50:10.501258+00:00 [queued]>
[2024-08-18T16:53:39.273+0000] {taskinstance.py:2856} INFO - Starting attempt 1 of 1
[2024-08-18T16:53:39.438+0000] {taskinstance.py:2879} INFO - Executing <Task(PythonOperator): silver_layer> on 2024-08-18 16:50:10.501258+00:00
[2024-08-18T16:53:39.451+0000] {standard_task_runner.py:104} INFO - Running: ['airflow', 'tasks', 'run', 'movies_orchestration', 'silver_layer', 'manual__2024-08-18T16:50:10.501258+00:00', '--job-id', '19', '--raw', '--subdir', 'DAGS_FOLDER/movies_orchestrator.py', '--cfg-path', '/tmp/tmpw64_jfsm']
[2024-08-18T16:53:39.452+0000] {logging_mixin.py:190} WARNING - /home/airflow/.local/lib/python3.12/site-packages/airflow/task/task_runner/standard_task_runner.py:70 DeprecationWarning: This process (pid=384) is multi-threaded, use of fork() may lead to deadlocks in the child.
[2024-08-18T16:53:39.454+0000] {standard_task_runner.py:105} INFO - Job 19: Subtask silver_layer
[2024-08-18T16:53:39.454+0000] {standard_task_runner.py:72} INFO - Started process 393 to run task
[2024-08-18T16:53:39.629+0000] {task_command.py:467} INFO - Running <TaskInstance: movies_orchestration.silver_layer manual__2024-08-18T16:50:10.501258+00:00 [running]> on host 506f39831d8d
[2024-08-18T16:53:39.932+0000] {taskinstance.py:3122} INFO - Exporting env vars: AIRFLOW_CTX_DAG_OWNER='airflow' AIRFLOW_CTX_DAG_ID='movies_orchestration' AIRFLOW_CTX_TASK_ID='silver_layer' AIRFLOW_CTX_EXECUTION_DATE='2024-08-18T16:50:10.501258+00:00' AIRFLOW_CTX_TRY_NUMBER='1' AIRFLOW_CTX_DAG_RUN_ID='manual__2024-08-18T16:50:10.501258+00:00'
[2024-08-18T16:53:39.934+0000] {taskinstance.py:731} INFO - ::endgroup::
[2024-08-18T16:53:39.953+0000] {logging_mixin.py:190} INFO - Start Silver
[2024-08-18T16:57:53.437+0000] {logging_mixin.py:190} INFO - End Silver
[2024-08-18T16:57:53.438+0000] {python.py:240} INFO - Done. Returned value was: None
[2024-08-18T16:57:53.459+0000] {taskinstance.py:340} INFO - ::group::Post task execution logs
[2024-08-18T16:57:53.460+0000] {taskinstance.py:352} INFO - Marking task as SUCCESS. dag_id=movies_orchestration, task_id=silver_layer, run_id=manual__2024-08-18T16:50:10.501258+00:00, execution_date=20240818T165010, start_date=20240818T165339, end_date=20240818T165753
[2024-08-18T16:57:53.693+0000] {local_task_job_runner.py:261} INFO - Task exited with return code 0
[2024-08-18T16:57:53.736+0000] {taskinstance.py:3891} INFO - 1 downstream tasks scheduled from follow-on schedule check
[2024-08-18T16:57:53.851+0000] {local_task_job_runner.py:240} INFO - ::endgroup::
