[2024-08-18T16:41:21.232+0000] {local_task_job_runner.py:123} INFO - ::group::Pre task execution logs
[2024-08-18T16:41:21.261+0000] {taskinstance.py:2603} INFO - Dependencies all met for dep_context=non-requeueable deps ti=<TaskInstance: movies_orchestration.silver_layer manual__2024-08-18T16:37:50.708125+00:00 [queued]>
[2024-08-18T16:41:21.298+0000] {taskinstance.py:2603} INFO - Dependencies all met for dep_context=requeueable deps ti=<TaskInstance: movies_orchestration.silver_layer manual__2024-08-18T16:37:50.708125+00:00 [queued]>
[2024-08-18T16:41:21.299+0000] {taskinstance.py:2856} INFO - Starting attempt 1 of 1
[2024-08-18T16:41:21.459+0000] {taskinstance.py:2879} INFO - Executing <Task(PythonOperator): silver_layer> on 2024-08-18 16:37:50.708125+00:00
[2024-08-18T16:41:21.475+0000] {logging_mixin.py:190} WARNING - /home/airflow/.local/lib/python3.12/site-packages/airflow/task/task_runner/standard_task_runner.py:70 DeprecationWarning: This process (pid=329) is multi-threaded, use of fork() may lead to deadlocks in the child.
[2024-08-18T16:41:21.474+0000] {standard_task_runner.py:104} INFO - Running: ['airflow', 'tasks', 'run', 'movies_orchestration', 'silver_layer', 'manual__2024-08-18T16:37:50.708125+00:00', '--job-id', '16', '--raw', '--subdir', 'DAGS_FOLDER/movies_orchestrator.py', '--cfg-path', '/tmp/tmp2mea_81_']
[2024-08-18T16:41:21.476+0000] {standard_task_runner.py:72} INFO - Started process 338 to run task
[2024-08-18T16:41:21.477+0000] {standard_task_runner.py:105} INFO - Job 16: Subtask silver_layer
[2024-08-18T16:41:21.671+0000] {task_command.py:467} INFO - Running <TaskInstance: movies_orchestration.silver_layer manual__2024-08-18T16:37:50.708125+00:00 [running]> on host 506f39831d8d
[2024-08-18T16:41:22.121+0000] {taskinstance.py:3122} INFO - Exporting env vars: AIRFLOW_CTX_DAG_OWNER='airflow' AIRFLOW_CTX_DAG_ID='movies_orchestration' AIRFLOW_CTX_TASK_ID='silver_layer' AIRFLOW_CTX_EXECUTION_DATE='2024-08-18T16:37:50.708125+00:00' AIRFLOW_CTX_TRY_NUMBER='1' AIRFLOW_CTX_DAG_RUN_ID='manual__2024-08-18T16:37:50.708125+00:00'
[2024-08-18T16:41:22.124+0000] {taskinstance.py:731} INFO - ::endgroup::
[2024-08-18T16:41:22.140+0000] {logging_mixin.py:190} INFO - Start Silver
[2024-08-18T16:45:36.713+0000] {logging_mixin.py:190} INFO - End Silver
[2024-08-18T16:45:36.714+0000] {python.py:240} INFO - Done. Returned value was: None
[2024-08-18T16:45:36.737+0000] {taskinstance.py:340} INFO - ::group::Post task execution logs
[2024-08-18T16:45:36.738+0000] {taskinstance.py:352} INFO - Marking task as SUCCESS. dag_id=movies_orchestration, task_id=silver_layer, run_id=manual__2024-08-18T16:37:50.708125+00:00, execution_date=20240818T163750, start_date=20240818T164121, end_date=20240818T164536
[2024-08-18T16:45:37.028+0000] {local_task_job_runner.py:261} INFO - Task exited with return code 0
[2024-08-18T16:45:37.080+0000] {taskinstance.py:3891} INFO - 1 downstream tasks scheduled from follow-on schedule check
[2024-08-18T16:45:37.160+0000] {local_task_job_runner.py:240} INFO - ::endgroup::
