[2024-08-18T15:29:58.205+0000] {processor.py:186} INFO - Started process (PID=60) to work on /opt/airflow/dags/welcome_dag.py
[2024-08-18T15:29:58.207+0000] {processor.py:914} INFO - Processing file /opt/airflow/dags/welcome_dag.py for tasks to queue
[2024-08-18T15:29:58.211+0000] {logging_mixin.py:190} INFO - [2024-08-18T15:29:58.210+0000] {dagbag.py:587} INFO - Filling up the DagBag from /opt/airflow/dags/welcome_dag.py
[2024-08-18T15:29:58.248+0000] {processor.py:925} INFO - DAG(s) 'welcome_dag' retrieved from /opt/airflow/dags/welcome_dag.py
[2024-08-18T15:29:58.456+0000] {logging_mixin.py:190} INFO - [2024-08-18T15:29:58.456+0000] {dag.py:3211} INFO - Sync 1 DAGs
[2024-08-18T15:29:58.604+0000] {logging_mixin.py:190} INFO - [2024-08-18T15:29:58.604+0000] {dag.py:4138} INFO - Setting next_dagrun for welcome_dag to 2024-08-17 23:00:00+00:00, run_after=2024-08-18 23:00:00+00:00
[2024-08-18T15:29:58.827+0000] {processor.py:208} INFO - Processing /opt/airflow/dags/welcome_dag.py took 0.630 seconds
[2024-08-18T15:30:29.196+0000] {processor.py:186} INFO - Started process (PID=80) to work on /opt/airflow/dags/welcome_dag.py
[2024-08-18T15:30:29.202+0000] {processor.py:914} INFO - Processing file /opt/airflow/dags/welcome_dag.py for tasks to queue
[2024-08-18T15:30:29.209+0000] {logging_mixin.py:190} INFO - [2024-08-18T15:30:29.208+0000] {dagbag.py:587} INFO - Filling up the DagBag from /opt/airflow/dags/welcome_dag.py
[2024-08-18T15:30:29.305+0000] {processor.py:925} INFO - DAG(s) 'welcome_dag' retrieved from /opt/airflow/dags/welcome_dag.py
[2024-08-18T15:30:29.430+0000] {logging_mixin.py:190} INFO - [2024-08-18T15:30:29.430+0000] {dag.py:3211} INFO - Sync 1 DAGs
[2024-08-18T15:30:29.702+0000] {logging_mixin.py:190} INFO - [2024-08-18T15:30:29.702+0000] {dag.py:4138} INFO - Setting next_dagrun for welcome_dag to 2024-08-17 23:00:00+00:00, run_after=2024-08-18 23:00:00+00:00
[2024-08-18T15:30:29.858+0000] {processor.py:208} INFO - Processing /opt/airflow/dags/welcome_dag.py took 0.687 seconds
[2024-08-18T15:31:00.674+0000] {processor.py:186} INFO - Started process (PID=81) to work on /opt/airflow/dags/welcome_dag.py
[2024-08-18T15:31:00.689+0000] {processor.py:914} INFO - Processing file /opt/airflow/dags/welcome_dag.py for tasks to queue
[2024-08-18T15:31:00.693+0000] {logging_mixin.py:190} INFO - [2024-08-18T15:31:00.693+0000] {dagbag.py:587} INFO - Filling up the DagBag from /opt/airflow/dags/welcome_dag.py
[2024-08-18T15:31:00.768+0000] {processor.py:925} INFO - DAG(s) 'welcome_dag' retrieved from /opt/airflow/dags/welcome_dag.py
[2024-08-18T15:31:00.882+0000] {logging_mixin.py:190} INFO - [2024-08-18T15:31:00.881+0000] {dag.py:3211} INFO - Sync 1 DAGs
[2024-08-18T15:31:00.943+0000] {logging_mixin.py:190} INFO - [2024-08-18T15:31:00.943+0000] {dag.py:4138} INFO - Setting next_dagrun for welcome_dag to 2024-08-17 23:00:00+00:00, run_after=2024-08-18 23:00:00+00:00
[2024-08-18T15:31:01.124+0000] {processor.py:208} INFO - Processing /opt/airflow/dags/welcome_dag.py took 0.460 seconds
[2024-08-18T15:31:31.611+0000] {processor.py:186} INFO - Started process (PID=82) to work on /opt/airflow/dags/welcome_dag.py
[2024-08-18T15:31:31.613+0000] {processor.py:914} INFO - Processing file /opt/airflow/dags/welcome_dag.py for tasks to queue
[2024-08-18T15:31:31.616+0000] {logging_mixin.py:190} INFO - [2024-08-18T15:31:31.615+0000] {dagbag.py:587} INFO - Filling up the DagBag from /opt/airflow/dags/welcome_dag.py
[2024-08-18T15:31:31.648+0000] {processor.py:925} INFO - DAG(s) 'welcome_dag' retrieved from /opt/airflow/dags/welcome_dag.py
[2024-08-18T15:31:31.712+0000] {logging_mixin.py:190} INFO - [2024-08-18T15:31:31.712+0000] {dag.py:3211} INFO - Sync 1 DAGs
[2024-08-18T15:31:31.757+0000] {logging_mixin.py:190} INFO - [2024-08-18T15:31:31.756+0000] {dag.py:4138} INFO - Setting next_dagrun for welcome_dag to 2024-08-17 23:00:00+00:00, run_after=2024-08-18 23:00:00+00:00
[2024-08-18T15:31:31.916+0000] {processor.py:208} INFO - Processing /opt/airflow/dags/welcome_dag.py took 0.313 seconds
[2024-08-18T15:32:02.100+0000] {processor.py:186} INFO - Started process (PID=83) to work on /opt/airflow/dags/welcome_dag.py
[2024-08-18T15:32:02.101+0000] {processor.py:914} INFO - Processing file /opt/airflow/dags/welcome_dag.py for tasks to queue
[2024-08-18T15:32:02.107+0000] {logging_mixin.py:190} INFO - [2024-08-18T15:32:02.106+0000] {dagbag.py:587} INFO - Filling up the DagBag from /opt/airflow/dags/welcome_dag.py
[2024-08-18T15:32:02.139+0000] {processor.py:925} INFO - DAG(s) 'welcome_dag' retrieved from /opt/airflow/dags/welcome_dag.py
[2024-08-18T15:32:02.175+0000] {logging_mixin.py:190} INFO - [2024-08-18T15:32:02.175+0000] {dag.py:3211} INFO - Sync 1 DAGs
[2024-08-18T15:32:02.209+0000] {logging_mixin.py:190} INFO - [2024-08-18T15:32:02.208+0000] {dag.py:4138} INFO - Setting next_dagrun for welcome_dag to 2024-08-17 23:00:00+00:00, run_after=2024-08-18 23:00:00+00:00
[2024-08-18T15:32:02.462+0000] {processor.py:208} INFO - Processing /opt/airflow/dags/welcome_dag.py took 0.374 seconds
[2024-08-18T15:32:32.829+0000] {processor.py:186} INFO - Started process (PID=84) to work on /opt/airflow/dags/welcome_dag.py
[2024-08-18T15:32:32.831+0000] {processor.py:914} INFO - Processing file /opt/airflow/dags/welcome_dag.py for tasks to queue
[2024-08-18T15:32:32.834+0000] {logging_mixin.py:190} INFO - [2024-08-18T15:32:32.833+0000] {dagbag.py:587} INFO - Filling up the DagBag from /opt/airflow/dags/welcome_dag.py
[2024-08-18T15:32:32.866+0000] {processor.py:925} INFO - DAG(s) 'welcome_dag' retrieved from /opt/airflow/dags/welcome_dag.py
[2024-08-18T15:32:32.904+0000] {logging_mixin.py:190} INFO - [2024-08-18T15:32:32.904+0000] {dag.py:3211} INFO - Sync 1 DAGs
[2024-08-18T15:32:32.939+0000] {logging_mixin.py:190} INFO - [2024-08-18T15:32:32.939+0000] {dag.py:4138} INFO - Setting next_dagrun for welcome_dag to 2024-08-17 23:00:00+00:00, run_after=2024-08-18 23:00:00+00:00
[2024-08-18T15:32:33.208+0000] {processor.py:208} INFO - Processing /opt/airflow/dags/welcome_dag.py took 0.387 seconds
[2024-08-18T15:33:03.978+0000] {processor.py:186} INFO - Started process (PID=85) to work on /opt/airflow/dags/welcome_dag.py
[2024-08-18T15:33:03.979+0000] {processor.py:914} INFO - Processing file /opt/airflow/dags/welcome_dag.py for tasks to queue
[2024-08-18T15:33:03.982+0000] {logging_mixin.py:190} INFO - [2024-08-18T15:33:03.982+0000] {dagbag.py:587} INFO - Filling up the DagBag from /opt/airflow/dags/welcome_dag.py
[2024-08-18T15:33:04.012+0000] {processor.py:925} INFO - DAG(s) 'welcome_dag' retrieved from /opt/airflow/dags/welcome_dag.py
[2024-08-18T15:33:04.048+0000] {logging_mixin.py:190} INFO - [2024-08-18T15:33:04.048+0000] {dag.py:3211} INFO - Sync 1 DAGs
[2024-08-18T15:33:04.092+0000] {logging_mixin.py:190} INFO - [2024-08-18T15:33:04.092+0000] {dag.py:4138} INFO - Setting next_dagrun for welcome_dag to 2024-08-17 23:00:00+00:00, run_after=2024-08-18 23:00:00+00:00
[2024-08-18T15:33:04.349+0000] {processor.py:208} INFO - Processing /opt/airflow/dags/welcome_dag.py took 0.377 seconds
[2024-08-18T15:33:34.940+0000] {processor.py:186} INFO - Started process (PID=86) to work on /opt/airflow/dags/welcome_dag.py
[2024-08-18T15:33:34.945+0000] {processor.py:914} INFO - Processing file /opt/airflow/dags/welcome_dag.py for tasks to queue
[2024-08-18T15:33:34.953+0000] {logging_mixin.py:190} INFO - [2024-08-18T15:33:34.953+0000] {dagbag.py:587} INFO - Filling up the DagBag from /opt/airflow/dags/welcome_dag.py
[2024-08-18T15:33:35.009+0000] {processor.py:925} INFO - DAG(s) 'welcome_dag' retrieved from /opt/airflow/dags/welcome_dag.py
[2024-08-18T15:33:35.088+0000] {logging_mixin.py:190} INFO - [2024-08-18T15:33:35.087+0000] {dag.py:3211} INFO - Sync 1 DAGs
[2024-08-18T15:33:35.153+0000] {logging_mixin.py:190} INFO - [2024-08-18T15:33:35.152+0000] {dag.py:4138} INFO - Setting next_dagrun for welcome_dag to 2024-08-17 23:00:00+00:00, run_after=2024-08-18 23:00:00+00:00
[2024-08-18T15:33:35.443+0000] {processor.py:208} INFO - Processing /opt/airflow/dags/welcome_dag.py took 0.534 seconds
[2024-08-18T15:34:05.998+0000] {processor.py:186} INFO - Started process (PID=87) to work on /opt/airflow/dags/welcome_dag.py
[2024-08-18T15:34:06.000+0000] {processor.py:914} INFO - Processing file /opt/airflow/dags/welcome_dag.py for tasks to queue
[2024-08-18T15:34:06.004+0000] {logging_mixin.py:190} INFO - [2024-08-18T15:34:06.004+0000] {dagbag.py:587} INFO - Filling up the DagBag from /opt/airflow/dags/welcome_dag.py
[2024-08-18T15:34:06.040+0000] {processor.py:925} INFO - DAG(s) 'welcome_dag' retrieved from /opt/airflow/dags/welcome_dag.py
[2024-08-18T15:34:06.082+0000] {logging_mixin.py:190} INFO - [2024-08-18T15:34:06.082+0000] {dag.py:3211} INFO - Sync 1 DAGs
[2024-08-18T15:34:06.118+0000] {logging_mixin.py:190} INFO - [2024-08-18T15:34:06.118+0000] {dag.py:4138} INFO - Setting next_dagrun for welcome_dag to 2024-08-17 23:00:00+00:00, run_after=2024-08-18 23:00:00+00:00
[2024-08-18T15:34:06.413+0000] {processor.py:208} INFO - Processing /opt/airflow/dags/welcome_dag.py took 0.430 seconds
[2024-08-18T15:34:36.839+0000] {processor.py:186} INFO - Started process (PID=88) to work on /opt/airflow/dags/welcome_dag.py
[2024-08-18T15:34:36.850+0000] {processor.py:914} INFO - Processing file /opt/airflow/dags/welcome_dag.py for tasks to queue
[2024-08-18T15:34:36.854+0000] {logging_mixin.py:190} INFO - [2024-08-18T15:34:36.854+0000] {dagbag.py:587} INFO - Filling up the DagBag from /opt/airflow/dags/welcome_dag.py
[2024-08-18T15:34:36.893+0000] {processor.py:925} INFO - DAG(s) 'welcome_dag' retrieved from /opt/airflow/dags/welcome_dag.py
[2024-08-18T15:34:36.972+0000] {logging_mixin.py:190} INFO - [2024-08-18T15:34:36.972+0000] {dag.py:3211} INFO - Sync 1 DAGs
[2024-08-18T15:34:37.063+0000] {logging_mixin.py:190} INFO - [2024-08-18T15:34:37.062+0000] {dag.py:4138} INFO - Setting next_dagrun for welcome_dag to 2024-08-17 23:00:00+00:00, run_after=2024-08-18 23:00:00+00:00
[2024-08-18T15:34:37.260+0000] {processor.py:208} INFO - Processing /opt/airflow/dags/welcome_dag.py took 0.430 seconds
[2024-08-18T15:35:07.454+0000] {processor.py:186} INFO - Started process (PID=89) to work on /opt/airflow/dags/welcome_dag.py
[2024-08-18T15:35:07.457+0000] {processor.py:914} INFO - Processing file /opt/airflow/dags/welcome_dag.py for tasks to queue
[2024-08-18T15:35:07.469+0000] {logging_mixin.py:190} INFO - [2024-08-18T15:35:07.467+0000] {dagbag.py:587} INFO - Filling up the DagBag from /opt/airflow/dags/welcome_dag.py
[2024-08-18T15:35:07.508+0000] {processor.py:925} INFO - DAG(s) 'welcome_dag' retrieved from /opt/airflow/dags/welcome_dag.py
[2024-08-18T15:35:07.642+0000] {logging_mixin.py:190} INFO - [2024-08-18T15:35:07.642+0000] {dag.py:3211} INFO - Sync 1 DAGs
[2024-08-18T15:35:07.734+0000] {logging_mixin.py:190} INFO - [2024-08-18T15:35:07.734+0000] {dag.py:4138} INFO - Setting next_dagrun for welcome_dag to 2024-08-17 23:00:00+00:00, run_after=2024-08-18 23:00:00+00:00
[2024-08-18T15:35:08.007+0000] {processor.py:208} INFO - Processing /opt/airflow/dags/welcome_dag.py took 0.586 seconds
[2024-08-18T15:35:38.583+0000] {processor.py:186} INFO - Started process (PID=90) to work on /opt/airflow/dags/welcome_dag.py
[2024-08-18T15:35:38.585+0000] {processor.py:914} INFO - Processing file /opt/airflow/dags/welcome_dag.py for tasks to queue
[2024-08-18T15:35:38.588+0000] {logging_mixin.py:190} INFO - [2024-08-18T15:35:38.588+0000] {dagbag.py:587} INFO - Filling up the DagBag from /opt/airflow/dags/welcome_dag.py
[2024-08-18T15:35:38.626+0000] {processor.py:925} INFO - DAG(s) 'welcome_dag' retrieved from /opt/airflow/dags/welcome_dag.py
[2024-08-18T15:35:38.673+0000] {logging_mixin.py:190} INFO - [2024-08-18T15:35:38.673+0000] {dag.py:3211} INFO - Sync 1 DAGs
[2024-08-18T15:35:38.757+0000] {logging_mixin.py:190} INFO - [2024-08-18T15:35:38.756+0000] {dag.py:4138} INFO - Setting next_dagrun for welcome_dag to 2024-08-17 23:00:00+00:00, run_after=2024-08-18 23:00:00+00:00
[2024-08-18T15:35:38.942+0000] {processor.py:208} INFO - Processing /opt/airflow/dags/welcome_dag.py took 0.365 seconds
[2024-08-18T15:36:09.607+0000] {processor.py:186} INFO - Started process (PID=91) to work on /opt/airflow/dags/welcome_dag.py
[2024-08-18T15:36:09.609+0000] {processor.py:914} INFO - Processing file /opt/airflow/dags/welcome_dag.py for tasks to queue
[2024-08-18T15:36:09.613+0000] {logging_mixin.py:190} INFO - [2024-08-18T15:36:09.612+0000] {dagbag.py:587} INFO - Filling up the DagBag from /opt/airflow/dags/welcome_dag.py
[2024-08-18T15:36:09.660+0000] {processor.py:925} INFO - DAG(s) 'welcome_dag' retrieved from /opt/airflow/dags/welcome_dag.py
[2024-08-18T15:36:09.715+0000] {logging_mixin.py:190} INFO - [2024-08-18T15:36:09.715+0000] {dag.py:3211} INFO - Sync 1 DAGs
[2024-08-18T15:36:09.773+0000] {logging_mixin.py:190} INFO - [2024-08-18T15:36:09.773+0000] {dag.py:4138} INFO - Setting next_dagrun for welcome_dag to 2024-08-17 23:00:00+00:00, run_after=2024-08-18 23:00:00+00:00
[2024-08-18T15:36:10.036+0000] {processor.py:208} INFO - Processing /opt/airflow/dags/welcome_dag.py took 0.435 seconds
[2024-08-18T15:36:40.456+0000] {processor.py:186} INFO - Started process (PID=92) to work on /opt/airflow/dags/welcome_dag.py
[2024-08-18T15:36:40.457+0000] {processor.py:914} INFO - Processing file /opt/airflow/dags/welcome_dag.py for tasks to queue
[2024-08-18T15:36:40.462+0000] {logging_mixin.py:190} INFO - [2024-08-18T15:36:40.461+0000] {dagbag.py:587} INFO - Filling up the DagBag from /opt/airflow/dags/welcome_dag.py
[2024-08-18T15:36:40.502+0000] {processor.py:925} INFO - DAG(s) 'welcome_dag' retrieved from /opt/airflow/dags/welcome_dag.py
[2024-08-18T15:36:40.560+0000] {logging_mixin.py:190} INFO - [2024-08-18T15:36:40.560+0000] {dag.py:3211} INFO - Sync 1 DAGs
[2024-08-18T15:36:40.613+0000] {logging_mixin.py:190} INFO - [2024-08-18T15:36:40.613+0000] {dag.py:4138} INFO - Setting next_dagrun for welcome_dag to 2024-08-17 23:00:00+00:00, run_after=2024-08-18 23:00:00+00:00
[2024-08-18T15:36:40.864+0000] {processor.py:208} INFO - Processing /opt/airflow/dags/welcome_dag.py took 0.417 seconds
[2024-08-18T15:37:11.134+0000] {processor.py:186} INFO - Started process (PID=93) to work on /opt/airflow/dags/welcome_dag.py
[2024-08-18T15:37:11.135+0000] {processor.py:914} INFO - Processing file /opt/airflow/dags/welcome_dag.py for tasks to queue
[2024-08-18T15:37:11.139+0000] {logging_mixin.py:190} INFO - [2024-08-18T15:37:11.138+0000] {dagbag.py:587} INFO - Filling up the DagBag from /opt/airflow/dags/welcome_dag.py
[2024-08-18T15:37:11.173+0000] {processor.py:925} INFO - DAG(s) 'welcome_dag' retrieved from /opt/airflow/dags/welcome_dag.py
[2024-08-18T15:37:11.209+0000] {logging_mixin.py:190} INFO - [2024-08-18T15:37:11.209+0000] {dag.py:3211} INFO - Sync 1 DAGs
[2024-08-18T15:37:11.248+0000] {logging_mixin.py:190} INFO - [2024-08-18T15:37:11.248+0000] {dag.py:4138} INFO - Setting next_dagrun for welcome_dag to 2024-08-17 23:00:00+00:00, run_after=2024-08-18 23:00:00+00:00
[2024-08-18T15:37:11.490+0000] {processor.py:208} INFO - Processing /opt/airflow/dags/welcome_dag.py took 0.364 seconds
[2024-08-18T15:37:42.150+0000] {processor.py:186} INFO - Started process (PID=94) to work on /opt/airflow/dags/welcome_dag.py
[2024-08-18T15:37:42.151+0000] {processor.py:914} INFO - Processing file /opt/airflow/dags/welcome_dag.py for tasks to queue
[2024-08-18T15:37:42.154+0000] {logging_mixin.py:190} INFO - [2024-08-18T15:37:42.154+0000] {dagbag.py:587} INFO - Filling up the DagBag from /opt/airflow/dags/welcome_dag.py
[2024-08-18T15:37:42.191+0000] {processor.py:925} INFO - DAG(s) 'welcome_dag' retrieved from /opt/airflow/dags/welcome_dag.py
[2024-08-18T15:37:42.246+0000] {logging_mixin.py:190} INFO - [2024-08-18T15:37:42.245+0000] {dag.py:3211} INFO - Sync 1 DAGs
[2024-08-18T15:37:42.288+0000] {logging_mixin.py:190} INFO - [2024-08-18T15:37:42.288+0000] {dag.py:4138} INFO - Setting next_dagrun for welcome_dag to 2024-08-17 23:00:00+00:00, run_after=2024-08-18 23:00:00+00:00
[2024-08-18T15:37:42.546+0000] {processor.py:208} INFO - Processing /opt/airflow/dags/welcome_dag.py took 0.403 seconds
[2024-08-18T15:38:13.083+0000] {processor.py:186} INFO - Started process (PID=95) to work on /opt/airflow/dags/welcome_dag.py
[2024-08-18T15:38:13.085+0000] {processor.py:914} INFO - Processing file /opt/airflow/dags/welcome_dag.py for tasks to queue
[2024-08-18T15:38:13.089+0000] {logging_mixin.py:190} INFO - [2024-08-18T15:38:13.088+0000] {dagbag.py:587} INFO - Filling up the DagBag from /opt/airflow/dags/welcome_dag.py
[2024-08-18T15:38:13.143+0000] {processor.py:925} INFO - DAG(s) 'welcome_dag' retrieved from /opt/airflow/dags/welcome_dag.py
[2024-08-18T15:38:13.198+0000] {logging_mixin.py:190} INFO - [2024-08-18T15:38:13.197+0000] {dag.py:3211} INFO - Sync 1 DAGs
[2024-08-18T15:38:13.252+0000] {logging_mixin.py:190} INFO - [2024-08-18T15:38:13.252+0000] {dag.py:4138} INFO - Setting next_dagrun for welcome_dag to 2024-08-17 23:00:00+00:00, run_after=2024-08-18 23:00:00+00:00
[2024-08-18T15:38:13.522+0000] {processor.py:208} INFO - Processing /opt/airflow/dags/welcome_dag.py took 0.446 seconds
[2024-08-18T15:38:44.102+0000] {processor.py:186} INFO - Started process (PID=96) to work on /opt/airflow/dags/welcome_dag.py
[2024-08-18T15:38:44.108+0000] {processor.py:914} INFO - Processing file /opt/airflow/dags/welcome_dag.py for tasks to queue
[2024-08-18T15:38:44.111+0000] {logging_mixin.py:190} INFO - [2024-08-18T15:38:44.111+0000] {dagbag.py:587} INFO - Filling up the DagBag from /opt/airflow/dags/welcome_dag.py
[2024-08-18T15:38:44.166+0000] {processor.py:925} INFO - DAG(s) 'welcome_dag' retrieved from /opt/airflow/dags/welcome_dag.py
[2024-08-18T15:38:44.215+0000] {logging_mixin.py:190} INFO - [2024-08-18T15:38:44.214+0000] {dag.py:3211} INFO - Sync 1 DAGs
[2024-08-18T15:38:44.264+0000] {logging_mixin.py:190} INFO - [2024-08-18T15:38:44.264+0000] {dag.py:4138} INFO - Setting next_dagrun for welcome_dag to 2024-08-17 23:00:00+00:00, run_after=2024-08-18 23:00:00+00:00
[2024-08-18T15:38:44.455+0000] {processor.py:208} INFO - Processing /opt/airflow/dags/welcome_dag.py took 0.360 seconds
[2024-08-18T15:39:14.918+0000] {processor.py:186} INFO - Started process (PID=97) to work on /opt/airflow/dags/welcome_dag.py
[2024-08-18T15:39:14.919+0000] {processor.py:914} INFO - Processing file /opt/airflow/dags/welcome_dag.py for tasks to queue
[2024-08-18T15:39:14.924+0000] {logging_mixin.py:190} INFO - [2024-08-18T15:39:14.923+0000] {dagbag.py:587} INFO - Filling up the DagBag from /opt/airflow/dags/welcome_dag.py
[2024-08-18T15:39:14.961+0000] {processor.py:925} INFO - DAG(s) 'welcome_dag' retrieved from /opt/airflow/dags/welcome_dag.py
[2024-08-18T15:39:15.006+0000] {logging_mixin.py:190} INFO - [2024-08-18T15:39:15.005+0000] {dag.py:3211} INFO - Sync 1 DAGs
[2024-08-18T15:39:15.042+0000] {logging_mixin.py:190} INFO - [2024-08-18T15:39:15.042+0000] {dag.py:4138} INFO - Setting next_dagrun for welcome_dag to 2024-08-17 23:00:00+00:00, run_after=2024-08-18 23:00:00+00:00
[2024-08-18T15:39:15.287+0000] {processor.py:208} INFO - Processing /opt/airflow/dags/welcome_dag.py took 0.378 seconds
[2024-08-18T15:39:45.837+0000] {processor.py:186} INFO - Started process (PID=98) to work on /opt/airflow/dags/welcome_dag.py
[2024-08-18T15:39:45.839+0000] {processor.py:914} INFO - Processing file /opt/airflow/dags/welcome_dag.py for tasks to queue
[2024-08-18T15:39:45.842+0000] {logging_mixin.py:190} INFO - [2024-08-18T15:39:45.841+0000] {dagbag.py:587} INFO - Filling up the DagBag from /opt/airflow/dags/welcome_dag.py
[2024-08-18T15:39:45.873+0000] {processor.py:925} INFO - DAG(s) 'welcome_dag' retrieved from /opt/airflow/dags/welcome_dag.py
[2024-08-18T15:39:45.911+0000] {logging_mixin.py:190} INFO - [2024-08-18T15:39:45.911+0000] {dag.py:3211} INFO - Sync 1 DAGs
[2024-08-18T15:39:45.952+0000] {logging_mixin.py:190} INFO - [2024-08-18T15:39:45.952+0000] {dag.py:4138} INFO - Setting next_dagrun for welcome_dag to 2024-08-17 23:00:00+00:00, run_after=2024-08-18 23:00:00+00:00
[2024-08-18T15:39:46.202+0000] {processor.py:208} INFO - Processing /opt/airflow/dags/welcome_dag.py took 0.370 seconds
[2024-08-18T15:40:16.538+0000] {processor.py:186} INFO - Started process (PID=99) to work on /opt/airflow/dags/welcome_dag.py
[2024-08-18T15:40:16.539+0000] {processor.py:914} INFO - Processing file /opt/airflow/dags/welcome_dag.py for tasks to queue
[2024-08-18T15:40:16.542+0000] {logging_mixin.py:190} INFO - [2024-08-18T15:40:16.542+0000] {dagbag.py:587} INFO - Filling up the DagBag from /opt/airflow/dags/welcome_dag.py
[2024-08-18T15:40:16.571+0000] {processor.py:925} INFO - DAG(s) 'welcome_dag' retrieved from /opt/airflow/dags/welcome_dag.py
[2024-08-18T15:40:16.612+0000] {logging_mixin.py:190} INFO - [2024-08-18T15:40:16.611+0000] {dag.py:3211} INFO - Sync 1 DAGs
[2024-08-18T15:40:16.649+0000] {logging_mixin.py:190} INFO - [2024-08-18T15:40:16.648+0000] {dag.py:4138} INFO - Setting next_dagrun for welcome_dag to 2024-08-17 23:00:00+00:00, run_after=2024-08-18 23:00:00+00:00
[2024-08-18T15:40:16.895+0000] {processor.py:208} INFO - Processing /opt/airflow/dags/welcome_dag.py took 0.362 seconds
[2024-08-18T15:40:47.378+0000] {processor.py:186} INFO - Started process (PID=100) to work on /opt/airflow/dags/welcome_dag.py
[2024-08-18T15:40:47.379+0000] {processor.py:914} INFO - Processing file /opt/airflow/dags/welcome_dag.py for tasks to queue
[2024-08-18T15:40:47.383+0000] {logging_mixin.py:190} INFO - [2024-08-18T15:40:47.383+0000] {dagbag.py:587} INFO - Filling up the DagBag from /opt/airflow/dags/welcome_dag.py
[2024-08-18T15:40:47.414+0000] {processor.py:925} INFO - DAG(s) 'welcome_dag' retrieved from /opt/airflow/dags/welcome_dag.py
[2024-08-18T15:40:47.450+0000] {logging_mixin.py:190} INFO - [2024-08-18T15:40:47.450+0000] {dag.py:3211} INFO - Sync 1 DAGs
[2024-08-18T15:40:47.498+0000] {logging_mixin.py:190} INFO - [2024-08-18T15:40:47.498+0000] {dag.py:4138} INFO - Setting next_dagrun for welcome_dag to 2024-08-17 23:00:00+00:00, run_after=2024-08-18 23:00:00+00:00
[2024-08-18T15:40:47.741+0000] {processor.py:208} INFO - Processing /opt/airflow/dags/welcome_dag.py took 0.369 seconds
[2024-08-18T15:41:18.289+0000] {processor.py:186} INFO - Started process (PID=101) to work on /opt/airflow/dags/welcome_dag.py
[2024-08-18T15:41:18.291+0000] {processor.py:914} INFO - Processing file /opt/airflow/dags/welcome_dag.py for tasks to queue
[2024-08-18T15:41:18.306+0000] {logging_mixin.py:190} INFO - [2024-08-18T15:41:18.305+0000] {dagbag.py:587} INFO - Filling up the DagBag from /opt/airflow/dags/welcome_dag.py
[2024-08-18T15:41:18.468+0000] {processor.py:925} INFO - DAG(s) 'welcome_dag' retrieved from /opt/airflow/dags/welcome_dag.py
[2024-08-18T15:41:18.569+0000] {logging_mixin.py:190} INFO - [2024-08-18T15:41:18.568+0000] {dag.py:3211} INFO - Sync 1 DAGs
[2024-08-18T15:41:18.669+0000] {logging_mixin.py:190} INFO - [2024-08-18T15:41:18.669+0000] {dag.py:4138} INFO - Setting next_dagrun for welcome_dag to 2024-08-17 23:00:00+00:00, run_after=2024-08-18 23:00:00+00:00
[2024-08-18T15:41:18.921+0000] {processor.py:208} INFO - Processing /opt/airflow/dags/welcome_dag.py took 0.650 seconds
[2024-08-18T15:41:49.238+0000] {processor.py:186} INFO - Started process (PID=102) to work on /opt/airflow/dags/welcome_dag.py
[2024-08-18T15:41:49.239+0000] {processor.py:914} INFO - Processing file /opt/airflow/dags/welcome_dag.py for tasks to queue
[2024-08-18T15:41:49.241+0000] {logging_mixin.py:190} INFO - [2024-08-18T15:41:49.241+0000] {dagbag.py:587} INFO - Filling up the DagBag from /opt/airflow/dags/welcome_dag.py
[2024-08-18T15:41:49.270+0000] {processor.py:925} INFO - DAG(s) 'welcome_dag' retrieved from /opt/airflow/dags/welcome_dag.py
[2024-08-18T15:41:49.306+0000] {logging_mixin.py:190} INFO - [2024-08-18T15:41:49.306+0000] {dag.py:3211} INFO - Sync 1 DAGs
[2024-08-18T15:41:49.339+0000] {logging_mixin.py:190} INFO - [2024-08-18T15:41:49.339+0000] {dag.py:4138} INFO - Setting next_dagrun for welcome_dag to 2024-08-17 23:00:00+00:00, run_after=2024-08-18 23:00:00+00:00
[2024-08-18T15:41:49.581+0000] {processor.py:208} INFO - Processing /opt/airflow/dags/welcome_dag.py took 0.350 seconds
[2024-08-18T15:42:20.359+0000] {processor.py:186} INFO - Started process (PID=103) to work on /opt/airflow/dags/welcome_dag.py
[2024-08-18T15:42:20.361+0000] {processor.py:914} INFO - Processing file /opt/airflow/dags/welcome_dag.py for tasks to queue
[2024-08-18T15:42:20.367+0000] {logging_mixin.py:190} INFO - [2024-08-18T15:42:20.366+0000] {dagbag.py:587} INFO - Filling up the DagBag from /opt/airflow/dags/welcome_dag.py
[2024-08-18T15:42:20.403+0000] {processor.py:925} INFO - DAG(s) 'welcome_dag' retrieved from /opt/airflow/dags/welcome_dag.py
[2024-08-18T15:42:20.460+0000] {logging_mixin.py:190} INFO - [2024-08-18T15:42:20.460+0000] {dag.py:3211} INFO - Sync 1 DAGs
[2024-08-18T15:42:20.494+0000] {logging_mixin.py:190} INFO - [2024-08-18T15:42:20.493+0000] {dag.py:4138} INFO - Setting next_dagrun for welcome_dag to 2024-08-17 23:00:00+00:00, run_after=2024-08-18 23:00:00+00:00
[2024-08-18T15:42:20.739+0000] {processor.py:208} INFO - Processing /opt/airflow/dags/welcome_dag.py took 0.404 seconds
[2024-08-18T15:42:51.128+0000] {processor.py:186} INFO - Started process (PID=104) to work on /opt/airflow/dags/welcome_dag.py
[2024-08-18T15:42:51.129+0000] {processor.py:914} INFO - Processing file /opt/airflow/dags/welcome_dag.py for tasks to queue
[2024-08-18T15:42:51.132+0000] {logging_mixin.py:190} INFO - [2024-08-18T15:42:51.132+0000] {dagbag.py:587} INFO - Filling up the DagBag from /opt/airflow/dags/welcome_dag.py
[2024-08-18T15:42:51.165+0000] {processor.py:925} INFO - DAG(s) 'welcome_dag' retrieved from /opt/airflow/dags/welcome_dag.py
[2024-08-18T15:42:51.206+0000] {logging_mixin.py:190} INFO - [2024-08-18T15:42:51.206+0000] {dag.py:3211} INFO - Sync 1 DAGs
[2024-08-18T15:42:51.248+0000] {logging_mixin.py:190} INFO - [2024-08-18T15:42:51.248+0000] {dag.py:4138} INFO - Setting next_dagrun for welcome_dag to 2024-08-17 23:00:00+00:00, run_after=2024-08-18 23:00:00+00:00
[2024-08-18T15:42:51.407+0000] {processor.py:208} INFO - Processing /opt/airflow/dags/welcome_dag.py took 0.286 seconds
[2024-08-18T15:43:21.898+0000] {processor.py:186} INFO - Started process (PID=105) to work on /opt/airflow/dags/welcome_dag.py
[2024-08-18T15:43:21.901+0000] {processor.py:914} INFO - Processing file /opt/airflow/dags/welcome_dag.py for tasks to queue
[2024-08-18T15:43:21.904+0000] {logging_mixin.py:190} INFO - [2024-08-18T15:43:21.904+0000] {dagbag.py:587} INFO - Filling up the DagBag from /opt/airflow/dags/welcome_dag.py
[2024-08-18T15:43:21.933+0000] {processor.py:925} INFO - DAG(s) 'welcome_dag' retrieved from /opt/airflow/dags/welcome_dag.py
[2024-08-18T15:43:21.968+0000] {logging_mixin.py:190} INFO - [2024-08-18T15:43:21.968+0000] {dag.py:3211} INFO - Sync 1 DAGs
[2024-08-18T15:43:22.013+0000] {logging_mixin.py:190} INFO - [2024-08-18T15:43:22.012+0000] {dag.py:4138} INFO - Setting next_dagrun for welcome_dag to 2024-08-17 23:00:00+00:00, run_after=2024-08-18 23:00:00+00:00
[2024-08-18T15:43:22.272+0000] {processor.py:208} INFO - Processing /opt/airflow/dags/welcome_dag.py took 0.399 seconds
[2024-08-18T15:43:52.677+0000] {processor.py:186} INFO - Started process (PID=106) to work on /opt/airflow/dags/welcome_dag.py
[2024-08-18T15:43:52.679+0000] {processor.py:914} INFO - Processing file /opt/airflow/dags/welcome_dag.py for tasks to queue
[2024-08-18T15:43:52.682+0000] {logging_mixin.py:190} INFO - [2024-08-18T15:43:52.681+0000] {dagbag.py:587} INFO - Filling up the DagBag from /opt/airflow/dags/welcome_dag.py
[2024-08-18T15:43:52.711+0000] {processor.py:925} INFO - DAG(s) 'welcome_dag' retrieved from /opt/airflow/dags/welcome_dag.py
[2024-08-18T15:43:52.747+0000] {logging_mixin.py:190} INFO - [2024-08-18T15:43:52.746+0000] {dag.py:3211} INFO - Sync 1 DAGs
[2024-08-18T15:43:52.781+0000] {logging_mixin.py:190} INFO - [2024-08-18T15:43:52.781+0000] {dag.py:4138} INFO - Setting next_dagrun for welcome_dag to 2024-08-17 23:00:00+00:00, run_after=2024-08-18 23:00:00+00:00
[2024-08-18T15:43:53.105+0000] {processor.py:208} INFO - Processing /opt/airflow/dags/welcome_dag.py took 0.434 seconds
[2024-08-18T15:44:23.456+0000] {processor.py:186} INFO - Started process (PID=107) to work on /opt/airflow/dags/welcome_dag.py
[2024-08-18T15:44:23.457+0000] {processor.py:914} INFO - Processing file /opt/airflow/dags/welcome_dag.py for tasks to queue
[2024-08-18T15:44:23.460+0000] {logging_mixin.py:190} INFO - [2024-08-18T15:44:23.460+0000] {dagbag.py:587} INFO - Filling up the DagBag from /opt/airflow/dags/welcome_dag.py
[2024-08-18T15:44:23.492+0000] {processor.py:925} INFO - DAG(s) 'welcome_dag' retrieved from /opt/airflow/dags/welcome_dag.py
[2024-08-18T15:44:23.527+0000] {logging_mixin.py:190} INFO - [2024-08-18T15:44:23.527+0000] {dag.py:3211} INFO - Sync 1 DAGs
[2024-08-18T15:44:23.561+0000] {logging_mixin.py:190} INFO - [2024-08-18T15:44:23.561+0000] {dag.py:4138} INFO - Setting next_dagrun for welcome_dag to 2024-08-17 23:00:00+00:00, run_after=2024-08-18 23:00:00+00:00
[2024-08-18T15:44:23.797+0000] {processor.py:208} INFO - Processing /opt/airflow/dags/welcome_dag.py took 0.348 seconds
[2024-08-18T15:44:54.313+0000] {processor.py:186} INFO - Started process (PID=108) to work on /opt/airflow/dags/welcome_dag.py
[2024-08-18T15:44:54.314+0000] {processor.py:914} INFO - Processing file /opt/airflow/dags/welcome_dag.py for tasks to queue
[2024-08-18T15:44:54.318+0000] {logging_mixin.py:190} INFO - [2024-08-18T15:44:54.317+0000] {dagbag.py:587} INFO - Filling up the DagBag from /opt/airflow/dags/welcome_dag.py
[2024-08-18T15:44:54.351+0000] {processor.py:925} INFO - DAG(s) 'welcome_dag' retrieved from /opt/airflow/dags/welcome_dag.py
[2024-08-18T15:44:54.622+0000] {logging_mixin.py:190} INFO - [2024-08-18T15:44:54.622+0000] {dag.py:3211} INFO - Sync 1 DAGs
[2024-08-18T15:44:54.659+0000] {logging_mixin.py:190} INFO - [2024-08-18T15:44:54.659+0000] {dag.py:4138} INFO - Setting next_dagrun for welcome_dag to 2024-08-17 23:00:00+00:00, run_after=2024-08-18 23:00:00+00:00
[2024-08-18T15:44:54.809+0000] {processor.py:208} INFO - Processing /opt/airflow/dags/welcome_dag.py took 0.504 seconds
[2024-08-18T15:45:25.212+0000] {processor.py:186} INFO - Started process (PID=109) to work on /opt/airflow/dags/welcome_dag.py
[2024-08-18T15:45:25.213+0000] {processor.py:914} INFO - Processing file /opt/airflow/dags/welcome_dag.py for tasks to queue
[2024-08-18T15:45:25.217+0000] {logging_mixin.py:190} INFO - [2024-08-18T15:45:25.217+0000] {dagbag.py:587} INFO - Filling up the DagBag from /opt/airflow/dags/welcome_dag.py
[2024-08-18T15:45:25.250+0000] {processor.py:925} INFO - DAG(s) 'welcome_dag' retrieved from /opt/airflow/dags/welcome_dag.py
[2024-08-18T15:45:25.292+0000] {logging_mixin.py:190} INFO - [2024-08-18T15:45:25.292+0000] {dag.py:3211} INFO - Sync 1 DAGs
[2024-08-18T15:45:25.339+0000] {logging_mixin.py:190} INFO - [2024-08-18T15:45:25.338+0000] {dag.py:4138} INFO - Setting next_dagrun for welcome_dag to 2024-08-17 23:00:00+00:00, run_after=2024-08-18 23:00:00+00:00
[2024-08-18T15:45:25.492+0000] {processor.py:208} INFO - Processing /opt/airflow/dags/welcome_dag.py took 0.287 seconds
[2024-08-18T15:45:55.930+0000] {processor.py:186} INFO - Started process (PID=110) to work on /opt/airflow/dags/welcome_dag.py
[2024-08-18T15:45:55.931+0000] {processor.py:914} INFO - Processing file /opt/airflow/dags/welcome_dag.py for tasks to queue
[2024-08-18T15:45:55.934+0000] {logging_mixin.py:190} INFO - [2024-08-18T15:45:55.933+0000] {dagbag.py:587} INFO - Filling up the DagBag from /opt/airflow/dags/welcome_dag.py
[2024-08-18T15:45:55.963+0000] {processor.py:925} INFO - DAG(s) 'welcome_dag' retrieved from /opt/airflow/dags/welcome_dag.py
[2024-08-18T15:45:56.022+0000] {logging_mixin.py:190} INFO - [2024-08-18T15:45:56.021+0000] {dag.py:3211} INFO - Sync 1 DAGs
[2024-08-18T15:45:56.062+0000] {logging_mixin.py:190} INFO - [2024-08-18T15:45:56.062+0000] {dag.py:4138} INFO - Setting next_dagrun for welcome_dag to 2024-08-17 23:00:00+00:00, run_after=2024-08-18 23:00:00+00:00
[2024-08-18T15:45:56.397+0000] {processor.py:208} INFO - Processing /opt/airflow/dags/welcome_dag.py took 0.479 seconds
[2024-08-18T15:46:26.931+0000] {processor.py:186} INFO - Started process (PID=111) to work on /opt/airflow/dags/welcome_dag.py
[2024-08-18T15:46:26.932+0000] {processor.py:914} INFO - Processing file /opt/airflow/dags/welcome_dag.py for tasks to queue
[2024-08-18T15:46:26.938+0000] {logging_mixin.py:190} INFO - [2024-08-18T15:46:26.938+0000] {dagbag.py:587} INFO - Filling up the DagBag from /opt/airflow/dags/welcome_dag.py
[2024-08-18T15:46:26.972+0000] {processor.py:925} INFO - DAG(s) 'welcome_dag' retrieved from /opt/airflow/dags/welcome_dag.py
[2024-08-18T15:46:27.032+0000] {logging_mixin.py:190} INFO - [2024-08-18T15:46:27.032+0000] {dag.py:3211} INFO - Sync 1 DAGs
[2024-08-18T15:46:27.086+0000] {logging_mixin.py:190} INFO - [2024-08-18T15:46:27.086+0000] {dag.py:4138} INFO - Setting next_dagrun for welcome_dag to 2024-08-17 23:00:00+00:00, run_after=2024-08-18 23:00:00+00:00
[2024-08-18T15:46:27.500+0000] {processor.py:208} INFO - Processing /opt/airflow/dags/welcome_dag.py took 0.575 seconds
[2024-08-18T15:46:57.733+0000] {processor.py:186} INFO - Started process (PID=112) to work on /opt/airflow/dags/welcome_dag.py
[2024-08-18T15:46:57.735+0000] {processor.py:914} INFO - Processing file /opt/airflow/dags/welcome_dag.py for tasks to queue
[2024-08-18T15:46:57.738+0000] {logging_mixin.py:190} INFO - [2024-08-18T15:46:57.737+0000] {dagbag.py:587} INFO - Filling up the DagBag from /opt/airflow/dags/welcome_dag.py
[2024-08-18T15:46:57.766+0000] {processor.py:925} INFO - DAG(s) 'welcome_dag' retrieved from /opt/airflow/dags/welcome_dag.py
[2024-08-18T15:46:57.801+0000] {logging_mixin.py:190} INFO - [2024-08-18T15:46:57.801+0000] {dag.py:3211} INFO - Sync 1 DAGs
[2024-08-18T15:46:57.847+0000] {logging_mixin.py:190} INFO - [2024-08-18T15:46:57.847+0000] {dag.py:4138} INFO - Setting next_dagrun for welcome_dag to 2024-08-17 23:00:00+00:00, run_after=2024-08-18 23:00:00+00:00
[2024-08-18T15:46:58.084+0000] {processor.py:208} INFO - Processing /opt/airflow/dags/welcome_dag.py took 0.356 seconds
[2024-08-18T15:47:28.257+0000] {processor.py:186} INFO - Started process (PID=113) to work on /opt/airflow/dags/welcome_dag.py
[2024-08-18T15:47:28.258+0000] {processor.py:914} INFO - Processing file /opt/airflow/dags/welcome_dag.py for tasks to queue
[2024-08-18T15:47:28.261+0000] {logging_mixin.py:190} INFO - [2024-08-18T15:47:28.261+0000] {dagbag.py:587} INFO - Filling up the DagBag from /opt/airflow/dags/welcome_dag.py
[2024-08-18T15:47:28.307+0000] {processor.py:925} INFO - DAG(s) 'welcome_dag' retrieved from /opt/airflow/dags/welcome_dag.py
[2024-08-18T15:47:28.359+0000] {logging_mixin.py:190} INFO - [2024-08-18T15:47:28.358+0000] {dag.py:3211} INFO - Sync 1 DAGs
[2024-08-18T15:47:28.396+0000] {logging_mixin.py:190} INFO - [2024-08-18T15:47:28.395+0000] {dag.py:4138} INFO - Setting next_dagrun for welcome_dag to 2024-08-17 23:00:00+00:00, run_after=2024-08-18 23:00:00+00:00
[2024-08-18T15:47:28.641+0000] {processor.py:208} INFO - Processing /opt/airflow/dags/welcome_dag.py took 0.398 seconds
[2024-08-18T15:47:59.050+0000] {processor.py:186} INFO - Started process (PID=114) to work on /opt/airflow/dags/welcome_dag.py
[2024-08-18T15:47:59.051+0000] {processor.py:914} INFO - Processing file /opt/airflow/dags/welcome_dag.py for tasks to queue
[2024-08-18T15:47:59.054+0000] {logging_mixin.py:190} INFO - [2024-08-18T15:47:59.054+0000] {dagbag.py:587} INFO - Filling up the DagBag from /opt/airflow/dags/welcome_dag.py
[2024-08-18T15:47:59.083+0000] {processor.py:925} INFO - DAG(s) 'welcome_dag' retrieved from /opt/airflow/dags/welcome_dag.py
[2024-08-18T15:47:59.118+0000] {logging_mixin.py:190} INFO - [2024-08-18T15:47:59.118+0000] {dag.py:3211} INFO - Sync 1 DAGs
[2024-08-18T15:47:59.164+0000] {logging_mixin.py:190} INFO - [2024-08-18T15:47:59.164+0000] {dag.py:4138} INFO - Setting next_dagrun for welcome_dag to 2024-08-17 23:00:00+00:00, run_after=2024-08-18 23:00:00+00:00
[2024-08-18T15:47:59.422+0000] {processor.py:208} INFO - Processing /opt/airflow/dags/welcome_dag.py took 0.378 seconds
[2024-08-18T15:48:29.757+0000] {processor.py:186} INFO - Started process (PID=115) to work on /opt/airflow/dags/welcome_dag.py
[2024-08-18T15:48:29.758+0000] {processor.py:914} INFO - Processing file /opt/airflow/dags/welcome_dag.py for tasks to queue
[2024-08-18T15:48:29.761+0000] {logging_mixin.py:190} INFO - [2024-08-18T15:48:29.761+0000] {dagbag.py:587} INFO - Filling up the DagBag from /opt/airflow/dags/welcome_dag.py
[2024-08-18T15:48:29.793+0000] {processor.py:925} INFO - DAG(s) 'welcome_dag' retrieved from /opt/airflow/dags/welcome_dag.py
[2024-08-18T15:48:29.830+0000] {logging_mixin.py:190} INFO - [2024-08-18T15:48:29.829+0000] {dag.py:3211} INFO - Sync 1 DAGs
[2024-08-18T15:48:29.872+0000] {logging_mixin.py:190} INFO - [2024-08-18T15:48:29.872+0000] {dag.py:4138} INFO - Setting next_dagrun for welcome_dag to 2024-08-17 23:00:00+00:00, run_after=2024-08-18 23:00:00+00:00
[2024-08-18T15:48:30.139+0000] {processor.py:208} INFO - Processing /opt/airflow/dags/welcome_dag.py took 0.390 seconds
[2024-08-18T15:49:00.590+0000] {processor.py:186} INFO - Started process (PID=116) to work on /opt/airflow/dags/welcome_dag.py
[2024-08-18T15:49:00.591+0000] {processor.py:914} INFO - Processing file /opt/airflow/dags/welcome_dag.py for tasks to queue
[2024-08-18T15:49:00.594+0000] {logging_mixin.py:190} INFO - [2024-08-18T15:49:00.593+0000] {dagbag.py:587} INFO - Filling up the DagBag from /opt/airflow/dags/welcome_dag.py
[2024-08-18T15:49:00.625+0000] {processor.py:925} INFO - DAG(s) 'welcome_dag' retrieved from /opt/airflow/dags/welcome_dag.py
[2024-08-18T15:49:00.661+0000] {logging_mixin.py:190} INFO - [2024-08-18T15:49:00.661+0000] {dag.py:3211} INFO - Sync 1 DAGs
[2024-08-18T15:49:00.696+0000] {logging_mixin.py:190} INFO - [2024-08-18T15:49:00.696+0000] {dag.py:4138} INFO - Setting next_dagrun for welcome_dag to 2024-08-17 23:00:00+00:00, run_after=2024-08-18 23:00:00+00:00
[2024-08-18T15:49:00.936+0000] {processor.py:208} INFO - Processing /opt/airflow/dags/welcome_dag.py took 0.353 seconds
[2024-08-18T15:49:31.083+0000] {processor.py:186} INFO - Started process (PID=117) to work on /opt/airflow/dags/welcome_dag.py
[2024-08-18T15:49:31.084+0000] {processor.py:914} INFO - Processing file /opt/airflow/dags/welcome_dag.py for tasks to queue
[2024-08-18T15:49:31.087+0000] {logging_mixin.py:190} INFO - [2024-08-18T15:49:31.087+0000] {dagbag.py:587} INFO - Filling up the DagBag from /opt/airflow/dags/welcome_dag.py
[2024-08-18T15:49:31.118+0000] {processor.py:925} INFO - DAG(s) 'welcome_dag' retrieved from /opt/airflow/dags/welcome_dag.py
[2024-08-18T15:49:31.154+0000] {logging_mixin.py:190} INFO - [2024-08-18T15:49:31.153+0000] {dag.py:3211} INFO - Sync 1 DAGs
[2024-08-18T15:49:31.196+0000] {logging_mixin.py:190} INFO - [2024-08-18T15:49:31.195+0000] {dag.py:4138} INFO - Setting next_dagrun for welcome_dag to 2024-08-17 23:00:00+00:00, run_after=2024-08-18 23:00:00+00:00
[2024-08-18T15:49:31.457+0000] {processor.py:208} INFO - Processing /opt/airflow/dags/welcome_dag.py took 0.380 seconds
[2024-08-18T15:50:01.894+0000] {processor.py:186} INFO - Started process (PID=118) to work on /opt/airflow/dags/welcome_dag.py
[2024-08-18T15:50:01.895+0000] {processor.py:914} INFO - Processing file /opt/airflow/dags/welcome_dag.py for tasks to queue
[2024-08-18T15:50:01.899+0000] {logging_mixin.py:190} INFO - [2024-08-18T15:50:01.898+0000] {dagbag.py:587} INFO - Filling up the DagBag from /opt/airflow/dags/welcome_dag.py
[2024-08-18T15:50:01.929+0000] {processor.py:925} INFO - DAG(s) 'welcome_dag' retrieved from /opt/airflow/dags/welcome_dag.py
[2024-08-18T15:50:01.967+0000] {logging_mixin.py:190} INFO - [2024-08-18T15:50:01.967+0000] {dag.py:3211} INFO - Sync 1 DAGs
[2024-08-18T15:50:02.022+0000] {logging_mixin.py:190} INFO - [2024-08-18T15:50:02.021+0000] {dag.py:4138} INFO - Setting next_dagrun for welcome_dag to 2024-08-17 23:00:00+00:00, run_after=2024-08-18 23:00:00+00:00
[2024-08-18T15:50:02.272+0000] {processor.py:208} INFO - Processing /opt/airflow/dags/welcome_dag.py took 0.385 seconds
[2024-08-18T15:50:32.695+0000] {processor.py:186} INFO - Started process (PID=119) to work on /opt/airflow/dags/welcome_dag.py
[2024-08-18T15:50:32.697+0000] {processor.py:914} INFO - Processing file /opt/airflow/dags/welcome_dag.py for tasks to queue
[2024-08-18T15:50:32.699+0000] {logging_mixin.py:190} INFO - [2024-08-18T15:50:32.699+0000] {dagbag.py:587} INFO - Filling up the DagBag from /opt/airflow/dags/welcome_dag.py
[2024-08-18T15:50:32.730+0000] {processor.py:925} INFO - DAG(s) 'welcome_dag' retrieved from /opt/airflow/dags/welcome_dag.py
[2024-08-18T15:50:32.772+0000] {logging_mixin.py:190} INFO - [2024-08-18T15:50:32.771+0000] {dag.py:3211} INFO - Sync 1 DAGs
[2024-08-18T15:50:32.817+0000] {logging_mixin.py:190} INFO - [2024-08-18T15:50:32.816+0000] {dag.py:4138} INFO - Setting next_dagrun for welcome_dag to 2024-08-17 23:00:00+00:00, run_after=2024-08-18 23:00:00+00:00
[2024-08-18T15:50:33.094+0000] {processor.py:208} INFO - Processing /opt/airflow/dags/welcome_dag.py took 0.404 seconds
[2024-08-18T15:51:03.288+0000] {processor.py:186} INFO - Started process (PID=120) to work on /opt/airflow/dags/welcome_dag.py
[2024-08-18T15:51:03.289+0000] {processor.py:914} INFO - Processing file /opt/airflow/dags/welcome_dag.py for tasks to queue
[2024-08-18T15:51:03.292+0000] {logging_mixin.py:190} INFO - [2024-08-18T15:51:03.291+0000] {dagbag.py:587} INFO - Filling up the DagBag from /opt/airflow/dags/welcome_dag.py
[2024-08-18T15:51:03.322+0000] {processor.py:925} INFO - DAG(s) 'welcome_dag' retrieved from /opt/airflow/dags/welcome_dag.py
[2024-08-18T15:51:03.358+0000] {logging_mixin.py:190} INFO - [2024-08-18T15:51:03.358+0000] {dag.py:3211} INFO - Sync 1 DAGs
[2024-08-18T15:51:03.392+0000] {logging_mixin.py:190} INFO - [2024-08-18T15:51:03.392+0000] {dag.py:4138} INFO - Setting next_dagrun for welcome_dag to 2024-08-17 23:00:00+00:00, run_after=2024-08-18 23:00:00+00:00
[2024-08-18T15:51:03.559+0000] {processor.py:208} INFO - Processing /opt/airflow/dags/welcome_dag.py took 0.277 seconds
[2024-08-18T15:51:34.123+0000] {processor.py:186} INFO - Started process (PID=121) to work on /opt/airflow/dags/welcome_dag.py
[2024-08-18T15:51:34.124+0000] {processor.py:914} INFO - Processing file /opt/airflow/dags/welcome_dag.py for tasks to queue
[2024-08-18T15:51:34.129+0000] {logging_mixin.py:190} INFO - [2024-08-18T15:51:34.128+0000] {dagbag.py:587} INFO - Filling up the DagBag from /opt/airflow/dags/welcome_dag.py
[2024-08-18T15:51:34.165+0000] {processor.py:925} INFO - DAG(s) 'welcome_dag' retrieved from /opt/airflow/dags/welcome_dag.py
[2024-08-18T15:51:34.278+0000] {logging_mixin.py:190} INFO - [2024-08-18T15:51:34.278+0000] {dag.py:3211} INFO - Sync 1 DAGs
[2024-08-18T15:51:34.311+0000] {logging_mixin.py:190} INFO - [2024-08-18T15:51:34.311+0000] {dag.py:4138} INFO - Setting next_dagrun for welcome_dag to 2024-08-17 23:00:00+00:00, run_after=2024-08-18 23:00:00+00:00
[2024-08-18T15:51:34.481+0000] {processor.py:208} INFO - Processing /opt/airflow/dags/welcome_dag.py took 0.365 seconds
[2024-08-18T15:52:04.657+0000] {processor.py:186} INFO - Started process (PID=122) to work on /opt/airflow/dags/welcome_dag.py
[2024-08-18T15:52:04.658+0000] {processor.py:914} INFO - Processing file /opt/airflow/dags/welcome_dag.py for tasks to queue
[2024-08-18T15:52:04.661+0000] {logging_mixin.py:190} INFO - [2024-08-18T15:52:04.661+0000] {dagbag.py:587} INFO - Filling up the DagBag from /opt/airflow/dags/welcome_dag.py
[2024-08-18T15:52:04.690+0000] {processor.py:925} INFO - DAG(s) 'welcome_dag' retrieved from /opt/airflow/dags/welcome_dag.py
[2024-08-18T15:52:04.725+0000] {logging_mixin.py:190} INFO - [2024-08-18T15:52:04.725+0000] {dag.py:3211} INFO - Sync 1 DAGs
[2024-08-18T15:52:04.758+0000] {logging_mixin.py:190} INFO - [2024-08-18T15:52:04.758+0000] {dag.py:4138} INFO - Setting next_dagrun for welcome_dag to 2024-08-17 23:00:00+00:00, run_after=2024-08-18 23:00:00+00:00
[2024-08-18T15:52:04.918+0000] {processor.py:208} INFO - Processing /opt/airflow/dags/welcome_dag.py took 0.270 seconds
[2024-08-18T15:52:35.323+0000] {processor.py:186} INFO - Started process (PID=123) to work on /opt/airflow/dags/welcome_dag.py
[2024-08-18T15:52:35.325+0000] {processor.py:914} INFO - Processing file /opt/airflow/dags/welcome_dag.py for tasks to queue
[2024-08-18T15:52:35.328+0000] {logging_mixin.py:190} INFO - [2024-08-18T15:52:35.327+0000] {dagbag.py:587} INFO - Filling up the DagBag from /opt/airflow/dags/welcome_dag.py
[2024-08-18T15:52:35.359+0000] {processor.py:925} INFO - DAG(s) 'welcome_dag' retrieved from /opt/airflow/dags/welcome_dag.py
[2024-08-18T15:52:35.394+0000] {logging_mixin.py:190} INFO - [2024-08-18T15:52:35.394+0000] {dag.py:3211} INFO - Sync 1 DAGs
[2024-08-18T15:52:35.433+0000] {logging_mixin.py:190} INFO - [2024-08-18T15:52:35.433+0000] {dag.py:4138} INFO - Setting next_dagrun for welcome_dag to 2024-08-17 23:00:00+00:00, run_after=2024-08-18 23:00:00+00:00
[2024-08-18T15:52:35.682+0000] {processor.py:208} INFO - Processing /opt/airflow/dags/welcome_dag.py took 0.365 seconds
[2024-08-18T15:53:05.989+0000] {processor.py:186} INFO - Started process (PID=124) to work on /opt/airflow/dags/welcome_dag.py
[2024-08-18T15:53:05.990+0000] {processor.py:914} INFO - Processing file /opt/airflow/dags/welcome_dag.py for tasks to queue
[2024-08-18T15:53:05.993+0000] {logging_mixin.py:190} INFO - [2024-08-18T15:53:05.993+0000] {dagbag.py:587} INFO - Filling up the DagBag from /opt/airflow/dags/welcome_dag.py
[2024-08-18T15:53:06.025+0000] {processor.py:925} INFO - DAG(s) 'welcome_dag' retrieved from /opt/airflow/dags/welcome_dag.py
[2024-08-18T15:53:06.072+0000] {logging_mixin.py:190} INFO - [2024-08-18T15:53:06.071+0000] {dag.py:3211} INFO - Sync 1 DAGs
[2024-08-18T15:53:06.108+0000] {logging_mixin.py:190} INFO - [2024-08-18T15:53:06.107+0000] {dag.py:4138} INFO - Setting next_dagrun for welcome_dag to 2024-08-17 23:00:00+00:00, run_after=2024-08-18 23:00:00+00:00
[2024-08-18T15:53:06.359+0000] {processor.py:208} INFO - Processing /opt/airflow/dags/welcome_dag.py took 0.376 seconds
[2024-08-18T15:53:36.814+0000] {processor.py:186} INFO - Started process (PID=125) to work on /opt/airflow/dags/welcome_dag.py
[2024-08-18T15:53:36.816+0000] {processor.py:914} INFO - Processing file /opt/airflow/dags/welcome_dag.py for tasks to queue
[2024-08-18T15:53:36.819+0000] {logging_mixin.py:190} INFO - [2024-08-18T15:53:36.819+0000] {dagbag.py:587} INFO - Filling up the DagBag from /opt/airflow/dags/welcome_dag.py
[2024-08-18T15:53:36.849+0000] {processor.py:925} INFO - DAG(s) 'welcome_dag' retrieved from /opt/airflow/dags/welcome_dag.py
[2024-08-18T15:53:36.885+0000] {logging_mixin.py:190} INFO - [2024-08-18T15:53:36.884+0000] {dag.py:3211} INFO - Sync 1 DAGs
[2024-08-18T15:53:36.918+0000] {logging_mixin.py:190} INFO - [2024-08-18T15:53:36.918+0000] {dag.py:4138} INFO - Setting next_dagrun for welcome_dag to 2024-08-17 23:00:00+00:00, run_after=2024-08-18 23:00:00+00:00
[2024-08-18T15:53:37.082+0000] {processor.py:208} INFO - Processing /opt/airflow/dags/welcome_dag.py took 0.275 seconds
[2024-08-18T15:54:07.409+0000] {processor.py:186} INFO - Started process (PID=126) to work on /opt/airflow/dags/welcome_dag.py
[2024-08-18T15:54:07.410+0000] {processor.py:914} INFO - Processing file /opt/airflow/dags/welcome_dag.py for tasks to queue
[2024-08-18T15:54:07.413+0000] {logging_mixin.py:190} INFO - [2024-08-18T15:54:07.413+0000] {dagbag.py:587} INFO - Filling up the DagBag from /opt/airflow/dags/welcome_dag.py
[2024-08-18T15:54:07.441+0000] {processor.py:925} INFO - DAG(s) 'welcome_dag' retrieved from /opt/airflow/dags/welcome_dag.py
[2024-08-18T15:54:07.476+0000] {logging_mixin.py:190} INFO - [2024-08-18T15:54:07.475+0000] {dag.py:3211} INFO - Sync 1 DAGs
[2024-08-18T15:54:07.509+0000] {logging_mixin.py:190} INFO - [2024-08-18T15:54:07.508+0000] {dag.py:4138} INFO - Setting next_dagrun for welcome_dag to 2024-08-17 23:00:00+00:00, run_after=2024-08-18 23:00:00+00:00
[2024-08-18T15:54:07.834+0000] {processor.py:208} INFO - Processing /opt/airflow/dags/welcome_dag.py took 0.431 seconds
[2024-08-18T15:54:38.228+0000] {processor.py:186} INFO - Started process (PID=127) to work on /opt/airflow/dags/welcome_dag.py
[2024-08-18T15:54:38.231+0000] {processor.py:914} INFO - Processing file /opt/airflow/dags/welcome_dag.py for tasks to queue
[2024-08-18T15:54:38.236+0000] {logging_mixin.py:190} INFO - [2024-08-18T15:54:38.235+0000] {dagbag.py:587} INFO - Filling up the DagBag from /opt/airflow/dags/welcome_dag.py
[2024-08-18T15:54:38.270+0000] {processor.py:925} INFO - DAG(s) 'welcome_dag' retrieved from /opt/airflow/dags/welcome_dag.py
[2024-08-18T15:54:38.308+0000] {logging_mixin.py:190} INFO - [2024-08-18T15:54:38.308+0000] {dag.py:3211} INFO - Sync 1 DAGs
[2024-08-18T15:54:38.347+0000] {logging_mixin.py:190} INFO - [2024-08-18T15:54:38.347+0000] {dag.py:4138} INFO - Setting next_dagrun for welcome_dag to 2024-08-17 23:00:00+00:00, run_after=2024-08-18 23:00:00+00:00
[2024-08-18T15:54:38.598+0000] {processor.py:208} INFO - Processing /opt/airflow/dags/welcome_dag.py took 0.380 seconds
[2024-08-18T15:55:09.023+0000] {processor.py:186} INFO - Started process (PID=128) to work on /opt/airflow/dags/welcome_dag.py
[2024-08-18T15:55:09.025+0000] {processor.py:914} INFO - Processing file /opt/airflow/dags/welcome_dag.py for tasks to queue
[2024-08-18T15:55:09.028+0000] {logging_mixin.py:190} INFO - [2024-08-18T15:55:09.027+0000] {dagbag.py:587} INFO - Filling up the DagBag from /opt/airflow/dags/welcome_dag.py
[2024-08-18T15:55:09.058+0000] {processor.py:925} INFO - DAG(s) 'welcome_dag' retrieved from /opt/airflow/dags/welcome_dag.py
[2024-08-18T15:55:09.103+0000] {logging_mixin.py:190} INFO - [2024-08-18T15:55:09.102+0000] {dag.py:3211} INFO - Sync 1 DAGs
[2024-08-18T15:55:09.147+0000] {logging_mixin.py:190} INFO - [2024-08-18T15:55:09.147+0000] {dag.py:4138} INFO - Setting next_dagrun for welcome_dag to 2024-08-17 23:00:00+00:00, run_after=2024-08-18 23:00:00+00:00
[2024-08-18T15:55:09.389+0000] {processor.py:208} INFO - Processing /opt/airflow/dags/welcome_dag.py took 0.371 seconds
[2024-08-18T15:55:39.615+0000] {processor.py:186} INFO - Started process (PID=129) to work on /opt/airflow/dags/welcome_dag.py
[2024-08-18T15:55:39.616+0000] {processor.py:914} INFO - Processing file /opt/airflow/dags/welcome_dag.py for tasks to queue
[2024-08-18T15:55:39.619+0000] {logging_mixin.py:190} INFO - [2024-08-18T15:55:39.618+0000] {dagbag.py:587} INFO - Filling up the DagBag from /opt/airflow/dags/welcome_dag.py
[2024-08-18T15:55:39.648+0000] {processor.py:925} INFO - DAG(s) 'welcome_dag' retrieved from /opt/airflow/dags/welcome_dag.py
[2024-08-18T15:55:39.684+0000] {logging_mixin.py:190} INFO - [2024-08-18T15:55:39.684+0000] {dag.py:3211} INFO - Sync 1 DAGs
[2024-08-18T15:55:39.718+0000] {logging_mixin.py:190} INFO - [2024-08-18T15:55:39.718+0000] {dag.py:4138} INFO - Setting next_dagrun for welcome_dag to 2024-08-17 23:00:00+00:00, run_after=2024-08-18 23:00:00+00:00
[2024-08-18T15:55:39.954+0000] {processor.py:208} INFO - Processing /opt/airflow/dags/welcome_dag.py took 0.346 seconds
[2024-08-18T15:56:10.371+0000] {processor.py:186} INFO - Started process (PID=130) to work on /opt/airflow/dags/welcome_dag.py
[2024-08-18T15:56:10.372+0000] {processor.py:914} INFO - Processing file /opt/airflow/dags/welcome_dag.py for tasks to queue
[2024-08-18T15:56:10.375+0000] {logging_mixin.py:190} INFO - [2024-08-18T15:56:10.374+0000] {dagbag.py:587} INFO - Filling up the DagBag from /opt/airflow/dags/welcome_dag.py
[2024-08-18T15:56:10.404+0000] {processor.py:925} INFO - DAG(s) 'welcome_dag' retrieved from /opt/airflow/dags/welcome_dag.py
[2024-08-18T15:56:10.441+0000] {logging_mixin.py:190} INFO - [2024-08-18T15:56:10.441+0000] {dag.py:3211} INFO - Sync 1 DAGs
[2024-08-18T15:56:10.477+0000] {logging_mixin.py:190} INFO - [2024-08-18T15:56:10.477+0000] {dag.py:4138} INFO - Setting next_dagrun for welcome_dag to 2024-08-17 23:00:00+00:00, run_after=2024-08-18 23:00:00+00:00
[2024-08-18T15:56:10.633+0000] {processor.py:208} INFO - Processing /opt/airflow/dags/welcome_dag.py took 0.268 seconds
[2024-08-18T15:56:40.980+0000] {processor.py:186} INFO - Started process (PID=131) to work on /opt/airflow/dags/welcome_dag.py
[2024-08-18T15:56:40.983+0000] {processor.py:914} INFO - Processing file /opt/airflow/dags/welcome_dag.py for tasks to queue
[2024-08-18T15:56:40.986+0000] {logging_mixin.py:190} INFO - [2024-08-18T15:56:40.986+0000] {dagbag.py:587} INFO - Filling up the DagBag from /opt/airflow/dags/welcome_dag.py
[2024-08-18T15:56:41.017+0000] {processor.py:925} INFO - DAG(s) 'welcome_dag' retrieved from /opt/airflow/dags/welcome_dag.py
[2024-08-18T15:56:41.054+0000] {logging_mixin.py:190} INFO - [2024-08-18T15:56:41.054+0000] {dag.py:3211} INFO - Sync 1 DAGs
[2024-08-18T15:56:41.093+0000] {logging_mixin.py:190} INFO - [2024-08-18T15:56:41.093+0000] {dag.py:4138} INFO - Setting next_dagrun for welcome_dag to 2024-08-17 23:00:00+00:00, run_after=2024-08-18 23:00:00+00:00
[2024-08-18T15:56:41.348+0000] {processor.py:208} INFO - Processing /opt/airflow/dags/welcome_dag.py took 0.379 seconds
[2024-08-18T15:57:11.698+0000] {processor.py:186} INFO - Started process (PID=132) to work on /opt/airflow/dags/welcome_dag.py
[2024-08-18T15:57:11.699+0000] {processor.py:914} INFO - Processing file /opt/airflow/dags/welcome_dag.py for tasks to queue
[2024-08-18T15:57:11.703+0000] {logging_mixin.py:190} INFO - [2024-08-18T15:57:11.703+0000] {dagbag.py:587} INFO - Filling up the DagBag from /opt/airflow/dags/welcome_dag.py
[2024-08-18T15:57:11.739+0000] {processor.py:925} INFO - DAG(s) 'welcome_dag' retrieved from /opt/airflow/dags/welcome_dag.py
[2024-08-18T15:57:11.780+0000] {logging_mixin.py:190} INFO - [2024-08-18T15:57:11.780+0000] {dag.py:3211} INFO - Sync 1 DAGs
[2024-08-18T15:57:11.822+0000] {logging_mixin.py:190} INFO - [2024-08-18T15:57:11.821+0000] {dag.py:4138} INFO - Setting next_dagrun for welcome_dag to 2024-08-17 23:00:00+00:00, run_after=2024-08-18 23:00:00+00:00
[2024-08-18T15:57:11.989+0000] {processor.py:208} INFO - Processing /opt/airflow/dags/welcome_dag.py took 0.298 seconds
[2024-08-18T15:57:42.365+0000] {processor.py:186} INFO - Started process (PID=133) to work on /opt/airflow/dags/welcome_dag.py
[2024-08-18T15:57:42.367+0000] {processor.py:914} INFO - Processing file /opt/airflow/dags/welcome_dag.py for tasks to queue
[2024-08-18T15:57:42.371+0000] {logging_mixin.py:190} INFO - [2024-08-18T15:57:42.370+0000] {dagbag.py:587} INFO - Filling up the DagBag from /opt/airflow/dags/welcome_dag.py
[2024-08-18T15:57:42.406+0000] {processor.py:925} INFO - DAG(s) 'welcome_dag' retrieved from /opt/airflow/dags/welcome_dag.py
[2024-08-18T15:57:42.446+0000] {logging_mixin.py:190} INFO - [2024-08-18T15:57:42.446+0000] {dag.py:3211} INFO - Sync 1 DAGs
[2024-08-18T15:57:42.611+0000] {logging_mixin.py:190} INFO - [2024-08-18T15:57:42.611+0000] {dag.py:4138} INFO - Setting next_dagrun for welcome_dag to 2024-08-17 23:00:00+00:00, run_after=2024-08-18 23:00:00+00:00
[2024-08-18T15:57:42.951+0000] {processor.py:208} INFO - Processing /opt/airflow/dags/welcome_dag.py took 0.592 seconds
[2024-08-18T15:58:13.276+0000] {processor.py:186} INFO - Started process (PID=134) to work on /opt/airflow/dags/welcome_dag.py
[2024-08-18T15:58:13.278+0000] {processor.py:914} INFO - Processing file /opt/airflow/dags/welcome_dag.py for tasks to queue
[2024-08-18T15:58:13.280+0000] {logging_mixin.py:190} INFO - [2024-08-18T15:58:13.280+0000] {dagbag.py:587} INFO - Filling up the DagBag from /opt/airflow/dags/welcome_dag.py
[2024-08-18T15:58:13.319+0000] {processor.py:925} INFO - DAG(s) 'welcome_dag' retrieved from /opt/airflow/dags/welcome_dag.py
[2024-08-18T15:58:13.386+0000] {logging_mixin.py:190} INFO - [2024-08-18T15:58:13.385+0000] {dag.py:3211} INFO - Sync 1 DAGs
[2024-08-18T15:58:13.605+0000] {logging_mixin.py:190} INFO - [2024-08-18T15:58:13.605+0000] {dag.py:4138} INFO - Setting next_dagrun for welcome_dag to 2024-08-17 23:00:00+00:00, run_after=2024-08-18 23:00:00+00:00
[2024-08-18T15:58:13.880+0000] {processor.py:208} INFO - Processing /opt/airflow/dags/welcome_dag.py took 0.611 seconds
[2024-08-18T15:58:44.273+0000] {processor.py:186} INFO - Started process (PID=135) to work on /opt/airflow/dags/welcome_dag.py
[2024-08-18T15:58:44.274+0000] {processor.py:914} INFO - Processing file /opt/airflow/dags/welcome_dag.py for tasks to queue
[2024-08-18T15:58:44.278+0000] {logging_mixin.py:190} INFO - [2024-08-18T15:58:44.277+0000] {dagbag.py:587} INFO - Filling up the DagBag from /opt/airflow/dags/welcome_dag.py
[2024-08-18T15:58:44.303+0000] {processor.py:925} INFO - DAG(s) 'welcome_dag' retrieved from /opt/airflow/dags/welcome_dag.py
[2024-08-18T15:58:44.338+0000] {logging_mixin.py:190} INFO - [2024-08-18T15:58:44.337+0000] {dag.py:3211} INFO - Sync 1 DAGs
[2024-08-18T15:58:44.370+0000] {logging_mixin.py:190} INFO - [2024-08-18T15:58:44.369+0000] {dag.py:4138} INFO - Setting next_dagrun for welcome_dag to 2024-08-17 23:00:00+00:00, run_after=2024-08-18 23:00:00+00:00
[2024-08-18T15:58:44.636+0000] {processor.py:208} INFO - Processing /opt/airflow/dags/welcome_dag.py took 0.369 seconds
[2024-08-18T15:59:15.481+0000] {processor.py:186} INFO - Started process (PID=136) to work on /opt/airflow/dags/welcome_dag.py
[2024-08-18T15:59:15.487+0000] {processor.py:914} INFO - Processing file /opt/airflow/dags/welcome_dag.py for tasks to queue
[2024-08-18T15:59:15.506+0000] {logging_mixin.py:190} INFO - [2024-08-18T15:59:15.506+0000] {dagbag.py:587} INFO - Filling up the DagBag from /opt/airflow/dags/welcome_dag.py
[2024-08-18T15:59:15.582+0000] {processor.py:925} INFO - DAG(s) 'welcome_dag' retrieved from /opt/airflow/dags/welcome_dag.py
[2024-08-18T15:59:15.736+0000] {logging_mixin.py:190} INFO - [2024-08-18T15:59:15.735+0000] {dag.py:3211} INFO - Sync 1 DAGs
[2024-08-18T15:59:15.841+0000] {logging_mixin.py:190} INFO - [2024-08-18T15:59:15.841+0000] {dag.py:4138} INFO - Setting next_dagrun for welcome_dag to 2024-08-17 23:00:00+00:00, run_after=2024-08-18 23:00:00+00:00
[2024-08-18T15:59:16.043+0000] {processor.py:208} INFO - Processing /opt/airflow/dags/welcome_dag.py took 0.598 seconds
[2024-08-18T15:59:46.200+0000] {processor.py:186} INFO - Started process (PID=137) to work on /opt/airflow/dags/welcome_dag.py
[2024-08-18T15:59:46.202+0000] {processor.py:914} INFO - Processing file /opt/airflow/dags/welcome_dag.py for tasks to queue
[2024-08-18T15:59:46.206+0000] {logging_mixin.py:190} INFO - [2024-08-18T15:59:46.205+0000] {dagbag.py:587} INFO - Filling up the DagBag from /opt/airflow/dags/welcome_dag.py
[2024-08-18T15:59:46.245+0000] {processor.py:925} INFO - DAG(s) 'welcome_dag' retrieved from /opt/airflow/dags/welcome_dag.py
[2024-08-18T15:59:46.286+0000] {logging_mixin.py:190} INFO - [2024-08-18T15:59:46.286+0000] {dag.py:3211} INFO - Sync 1 DAGs
[2024-08-18T15:59:46.328+0000] {logging_mixin.py:190} INFO - [2024-08-18T15:59:46.327+0000] {dag.py:4138} INFO - Setting next_dagrun for welcome_dag to 2024-08-17 23:00:00+00:00, run_after=2024-08-18 23:00:00+00:00
[2024-08-18T15:59:46.585+0000] {processor.py:208} INFO - Processing /opt/airflow/dags/welcome_dag.py took 0.392 seconds
[2024-08-18T16:00:17.293+0000] {processor.py:186} INFO - Started process (PID=138) to work on /opt/airflow/dags/welcome_dag.py
[2024-08-18T16:00:17.294+0000] {processor.py:914} INFO - Processing file /opt/airflow/dags/welcome_dag.py for tasks to queue
[2024-08-18T16:00:17.298+0000] {logging_mixin.py:190} INFO - [2024-08-18T16:00:17.297+0000] {dagbag.py:587} INFO - Filling up the DagBag from /opt/airflow/dags/welcome_dag.py
[2024-08-18T16:00:17.342+0000] {processor.py:925} INFO - DAG(s) 'welcome_dag' retrieved from /opt/airflow/dags/welcome_dag.py
[2024-08-18T16:00:17.385+0000] {logging_mixin.py:190} INFO - [2024-08-18T16:00:17.385+0000] {dag.py:3211} INFO - Sync 1 DAGs
[2024-08-18T16:00:17.427+0000] {logging_mixin.py:190} INFO - [2024-08-18T16:00:17.427+0000] {dag.py:4138} INFO - Setting next_dagrun for welcome_dag to 2024-08-17 23:00:00+00:00, run_after=2024-08-18 23:00:00+00:00
[2024-08-18T16:00:17.593+0000] {processor.py:208} INFO - Processing /opt/airflow/dags/welcome_dag.py took 0.308 seconds
[2024-08-18T16:00:48.240+0000] {processor.py:186} INFO - Started process (PID=139) to work on /opt/airflow/dags/welcome_dag.py
[2024-08-18T16:00:48.242+0000] {processor.py:914} INFO - Processing file /opt/airflow/dags/welcome_dag.py for tasks to queue
[2024-08-18T16:00:48.252+0000] {logging_mixin.py:190} INFO - [2024-08-18T16:00:48.250+0000] {dagbag.py:587} INFO - Filling up the DagBag from /opt/airflow/dags/welcome_dag.py
[2024-08-18T16:00:48.327+0000] {processor.py:925} INFO - DAG(s) 'welcome_dag' retrieved from /opt/airflow/dags/welcome_dag.py
[2024-08-18T16:00:48.589+0000] {logging_mixin.py:190} INFO - [2024-08-18T16:00:48.588+0000] {dag.py:3211} INFO - Sync 1 DAGs
[2024-08-18T16:00:48.667+0000] {logging_mixin.py:190} INFO - [2024-08-18T16:00:48.666+0000] {dag.py:4138} INFO - Setting next_dagrun for welcome_dag to 2024-08-17 23:00:00+00:00, run_after=2024-08-18 23:00:00+00:00
[2024-08-18T16:00:48.854+0000] {processor.py:208} INFO - Processing /opt/airflow/dags/welcome_dag.py took 0.639 seconds
[2024-08-18T16:01:19.349+0000] {processor.py:186} INFO - Started process (PID=140) to work on /opt/airflow/dags/welcome_dag.py
[2024-08-18T16:01:19.352+0000] {processor.py:914} INFO - Processing file /opt/airflow/dags/welcome_dag.py for tasks to queue
[2024-08-18T16:01:19.364+0000] {logging_mixin.py:190} INFO - [2024-08-18T16:01:19.359+0000] {dagbag.py:587} INFO - Filling up the DagBag from /opt/airflow/dags/welcome_dag.py
[2024-08-18T16:01:19.600+0000] {processor.py:925} INFO - DAG(s) 'welcome_dag' retrieved from /opt/airflow/dags/welcome_dag.py
[2024-08-18T16:01:19.891+0000] {logging_mixin.py:190} INFO - [2024-08-18T16:01:19.890+0000] {dag.py:3211} INFO - Sync 1 DAGs
[2024-08-18T16:01:21.148+0000] {logging_mixin.py:190} INFO - [2024-08-18T16:01:21.148+0000] {dag.py:4138} INFO - Setting next_dagrun for welcome_dag to 2024-08-17 23:00:00+00:00, run_after=2024-08-18 23:00:00+00:00
[2024-08-18T16:01:21.422+0000] {processor.py:208} INFO - Processing /opt/airflow/dags/welcome_dag.py took 2.087 seconds
[2024-08-18T16:01:52.071+0000] {processor.py:186} INFO - Started process (PID=150) to work on /opt/airflow/dags/welcome_dag.py
[2024-08-18T16:01:52.081+0000] {processor.py:914} INFO - Processing file /opt/airflow/dags/welcome_dag.py for tasks to queue
[2024-08-18T16:01:52.103+0000] {logging_mixin.py:190} INFO - [2024-08-18T16:01:52.099+0000] {dagbag.py:587} INFO - Filling up the DagBag from /opt/airflow/dags/welcome_dag.py
[2024-08-18T16:01:52.159+0000] {processor.py:925} INFO - DAG(s) 'welcome_dag' retrieved from /opt/airflow/dags/welcome_dag.py
[2024-08-18T16:01:52.253+0000] {logging_mixin.py:190} INFO - [2024-08-18T16:01:52.253+0000] {dag.py:3211} INFO - Sync 1 DAGs
[2024-08-18T16:01:52.394+0000] {logging_mixin.py:190} INFO - [2024-08-18T16:01:52.391+0000] {dag.py:4138} INFO - Setting next_dagrun for welcome_dag to 2024-08-17 23:00:00+00:00, run_after=2024-08-18 23:00:00+00:00
[2024-08-18T16:01:52.601+0000] {processor.py:208} INFO - Processing /opt/airflow/dags/welcome_dag.py took 0.558 seconds
[2024-08-18T16:02:22.947+0000] {processor.py:186} INFO - Started process (PID=187) to work on /opt/airflow/dags/welcome_dag.py
[2024-08-18T16:02:22.948+0000] {processor.py:914} INFO - Processing file /opt/airflow/dags/welcome_dag.py for tasks to queue
[2024-08-18T16:02:22.971+0000] {logging_mixin.py:190} INFO - [2024-08-18T16:02:22.968+0000] {dagbag.py:587} INFO - Filling up the DagBag from /opt/airflow/dags/welcome_dag.py
[2024-08-18T16:02:23.019+0000] {processor.py:925} INFO - DAG(s) 'welcome_dag' retrieved from /opt/airflow/dags/welcome_dag.py
[2024-08-18T16:02:23.077+0000] {logging_mixin.py:190} INFO - [2024-08-18T16:02:23.076+0000] {dag.py:3211} INFO - Sync 1 DAGs
[2024-08-18T16:02:23.121+0000] {logging_mixin.py:190} INFO - [2024-08-18T16:02:23.120+0000] {dag.py:4138} INFO - Setting next_dagrun for welcome_dag to 2024-08-17 23:00:00+00:00, run_after=2024-08-18 23:00:00+00:00
[2024-08-18T16:02:23.371+0000] {processor.py:208} INFO - Processing /opt/airflow/dags/welcome_dag.py took 0.431 seconds
[2024-08-18T16:02:53.645+0000] {processor.py:186} INFO - Started process (PID=188) to work on /opt/airflow/dags/welcome_dag.py
[2024-08-18T16:02:53.647+0000] {processor.py:914} INFO - Processing file /opt/airflow/dags/welcome_dag.py for tasks to queue
[2024-08-18T16:02:53.651+0000] {logging_mixin.py:190} INFO - [2024-08-18T16:02:53.650+0000] {dagbag.py:587} INFO - Filling up the DagBag from /opt/airflow/dags/welcome_dag.py
[2024-08-18T16:02:53.683+0000] {processor.py:925} INFO - DAG(s) 'welcome_dag' retrieved from /opt/airflow/dags/welcome_dag.py
[2024-08-18T16:02:53.729+0000] {logging_mixin.py:190} INFO - [2024-08-18T16:02:53.728+0000] {dag.py:3211} INFO - Sync 1 DAGs
[2024-08-18T16:02:53.766+0000] {logging_mixin.py:190} INFO - [2024-08-18T16:02:53.766+0000] {dag.py:4138} INFO - Setting next_dagrun for welcome_dag to 2024-08-17 23:00:00+00:00, run_after=2024-08-18 23:00:00+00:00
[2024-08-18T16:02:54.053+0000] {processor.py:208} INFO - Processing /opt/airflow/dags/welcome_dag.py took 0.414 seconds
[2024-08-18T16:03:24.305+0000] {processor.py:186} INFO - Started process (PID=189) to work on /opt/airflow/dags/welcome_dag.py
[2024-08-18T16:03:24.306+0000] {processor.py:914} INFO - Processing file /opt/airflow/dags/welcome_dag.py for tasks to queue
[2024-08-18T16:03:24.309+0000] {logging_mixin.py:190} INFO - [2024-08-18T16:03:24.309+0000] {dagbag.py:587} INFO - Filling up the DagBag from /opt/airflow/dags/welcome_dag.py
[2024-08-18T16:03:24.339+0000] {processor.py:925} INFO - DAG(s) 'welcome_dag' retrieved from /opt/airflow/dags/welcome_dag.py
[2024-08-18T16:03:24.375+0000] {logging_mixin.py:190} INFO - [2024-08-18T16:03:24.374+0000] {dag.py:3211} INFO - Sync 1 DAGs
[2024-08-18T16:03:24.411+0000] {logging_mixin.py:190} INFO - [2024-08-18T16:03:24.411+0000] {dag.py:4138} INFO - Setting next_dagrun for welcome_dag to 2024-08-17 23:00:00+00:00, run_after=2024-08-18 23:00:00+00:00
[2024-08-18T16:03:24.649+0000] {processor.py:208} INFO - Processing /opt/airflow/dags/welcome_dag.py took 0.351 seconds
