[2024-08-18T16:45:46.189+0000] {local_task_job_runner.py:123} INFO - ::group::Pre task execution logs
[2024-08-18T16:45:46.224+0000] {taskinstance.py:2603} INFO - Dependencies all met for dep_context=non-requeueable deps ti=<TaskInstance: movies_orchestration.gold_layer manual__2024-08-18T16:37:50.708125+00:00 [queued]>
[2024-08-18T16:45:46.252+0000] {taskinstance.py:2603} INFO - Dependencies all met for dep_context=requeueable deps ti=<TaskInstance: movies_orchestration.gold_layer manual__2024-08-18T16:37:50.708125+00:00 [queued]>
[2024-08-18T16:45:46.272+0000] {taskinstance.py:2856} INFO - Starting attempt 1 of 1
[2024-08-18T16:45:46.500+0000] {taskinstance.py:2879} INFO - Executing <Task(PythonOperator): gold_layer> on 2024-08-18 16:37:50.708125+00:00
[2024-08-18T16:45:46.519+0000] {logging_mixin.py:190} WARNING - /home/airflow/.local/lib/python3.12/site-packages/airflow/task/task_runner/standard_task_runner.py:70 DeprecationWarning: This process (pid=343) is multi-threaded, use of fork() may lead to deadlocks in the child.
[2024-08-18T16:45:46.518+0000] {standard_task_runner.py:104} INFO - Running: ['airflow', 'tasks', 'run', 'movies_orchestration', 'gold_layer', 'manual__2024-08-18T16:37:50.708125+00:00', '--job-id', '17', '--raw', '--subdir', 'DAGS_FOLDER/movies_orchestrator.py', '--cfg-path', '/tmp/tmphf9xphjm']
[2024-08-18T16:45:46.521+0000] {standard_task_runner.py:72} INFO - Started process 352 to run task
[2024-08-18T16:45:46.521+0000] {standard_task_runner.py:105} INFO - Job 17: Subtask gold_layer
[2024-08-18T16:45:46.747+0000] {task_command.py:467} INFO - Running <TaskInstance: movies_orchestration.gold_layer manual__2024-08-18T16:37:50.708125+00:00 [running]> on host 506f39831d8d
[2024-08-18T16:45:47.098+0000] {taskinstance.py:3122} INFO - Exporting env vars: AIRFLOW_CTX_DAG_OWNER='airflow' AIRFLOW_CTX_DAG_ID='movies_orchestration' AIRFLOW_CTX_TASK_ID='gold_layer' AIRFLOW_CTX_EXECUTION_DATE='2024-08-18T16:37:50.708125+00:00' AIRFLOW_CTX_TRY_NUMBER='1' AIRFLOW_CTX_DAG_RUN_ID='manual__2024-08-18T16:37:50.708125+00:00'
[2024-08-18T16:45:47.100+0000] {taskinstance.py:731} INFO - ::endgroup::
[2024-08-18T16:45:47.123+0000] {logging_mixin.py:190} INFO - Start Gold
[2024-08-18T16:45:47.170+0000] {logging_mixin.py:190} INFO - End Gold
[2024-08-18T16:45:47.171+0000] {python.py:240} INFO - Done. Returned value was: None
[2024-08-18T16:45:47.216+0000] {taskinstance.py:340} INFO - ::group::Post task execution logs
[2024-08-18T16:45:47.217+0000] {taskinstance.py:352} INFO - Marking task as SUCCESS. dag_id=movies_orchestration, task_id=gold_layer, run_id=manual__2024-08-18T16:37:50.708125+00:00, execution_date=20240818T163750, start_date=20240818T164546, end_date=20240818T164547
[2024-08-18T16:45:47.383+0000] {local_task_job_runner.py:261} INFO - Task exited with return code 0
[2024-08-18T16:45:47.413+0000] {taskinstance.py:3891} INFO - 0 downstream tasks scheduled from follow-on schedule check
[2024-08-18T16:45:47.416+0000] {local_task_job_runner.py:240} INFO - ::endgroup::
